<?xml version="1.0" encoding="UTF-8"?>
<!-- Generated by org.testng.reporters.JUnitReportReporter -->
<testsuite hostname="DESKTOP-BSNADPU" failures="0" tests="4" name="Tests.Testclass1" time="29.854" errors="0" timestamp="2023-10-16T13:59:49 IST" skipped="4">
  <testcase classname="Tests.Testclass1" name="VerifyUser" time="13.963">
    <skipped/>
  </testcase> <!-- VerifyUser -->
  <system-out/>
  <testcase classname="Tests.Testclass1" name="VerifyOngc" time="15.891">
    <skipped/>
  </testcase> <!-- VerifyOngc -->
  <system-out/>
  <testcase classname="Tests.Testclass1" name="VerifyOngc" time="0.000">
    <skipped/>
  </testcase> <!-- VerifyOngc -->
  <system-out/>
  <testcase classname="Tests.Testclass1" name="VerifyUser" time="0.000">
    <skipped/>
  </testcase> <!-- VerifyUser -->
  <system-out/>
</testsuite> <!-- Tests.Testclass1 -->
